<?xml version="1.0" encoding="UTF-8"?>
<!-- Generated by org.testng.reporters.JUnitXMLReporter -->
<testsuite ignored="0" hostname="Dev1" failures="0" tests="3" name="Default test" time="2.031" errors="0" timestamp="2022-04-08T18:20:46 IDT">
  <testcase classname="User_API_Tests" name="test_Get_User_ById" time="1.6"/>
  <testcase classname="User_API_Tests" name="test_Get_User_By_NOT_Existing_Id" time="0.049"/>
  <testcase classname="User_API_Tests" name="test_Post_User" time="0.344"/>
</testsuite> <!-- Default test -->
