<?xml version="1.0" encoding="UTF-8"?>
<testng-results ignored="0" total="3" passed="3" failed="0" skipped="0">
  <reporter-output>
  </reporter-output>
  <suite started-at="2022-04-08T18:20:44 IDT" name="Default suite" finished-at="2022-04-08T18:20:46 IDT" duration-ms="2031">
    <groups>
    </groups>
    <test started-at="2022-04-08T18:20:44 IDT" name="Default test" finished-at="2022-04-08T18:20:46 IDT" duration-ms="2031">
      <class name="User_API_Tests">
        <test-method signature="test_Get_User_ById()[pri:0, instance:User_API_Tests@1b6e1eff]" started-at="2022-04-08T18:20:44 IDT" name="test_Get_User_ById" finished-at="2022-04-08T18:20:45 IDT" duration-ms="1600" status="PASS">
          <reporter-output>
          </reporter-output>
        </test-method> <!-- test_Get_User_ById -->
        <test-method signature="test_Get_User_By_NOT_Existing_Id()[pri:0, instance:User_API_Tests@1b6e1eff]" started-at="2022-04-08T18:20:45 IDT" name="test_Get_User_By_NOT_Existing_Id" finished-at="2022-04-08T18:20:45 IDT" duration-ms="49" status="PASS">
          <reporter-output>
          </reporter-output>
        </test-method> <!-- test_Get_User_By_NOT_Existing_Id -->
        <test-method signature="test_Post_User()[pri:0, instance:User_API_Tests@1b6e1eff]" started-at="2022-04-08T18:20:45 IDT" name="test_Post_User" finished-at="2022-04-08T18:20:46 IDT" duration-ms="344" status="PASS">
          <reporter-output>
          </reporter-output>
        </test-method> <!-- test_Post_User -->
      </class> <!-- User_API_Tests -->
    </test> <!-- Default test -->
  </suite> <!-- Default suite -->
</testng-results>
